AWSCognitoAuthSession
{
    isSignedIn=true, 
    awsCredentials=AuthSessionResult
    {
        value=com.amazonaws.auth.BasicSessionCredentials@3125c96, 
        error=null, 
        type=SUCCESS
    }, 
    userSub=AuthSessionResult
    {
        value=e76396b1-713c-477f-a116-e11f63951ab9, 
        error=null, 
        type=SUCCESS
    }, 
    identityId=AuthSessionResult
    {
        value=us-west-2:c99d780b-2ac5-4a52-b1dd-c9695307305a, 
        error=null, 
        type=SUCCESS
    }, 
    userPoolTokens='AuthSessionResult
    {
        value=AWSCognitoUserPoolTokens
        {
            accessToken=eyJraWQiOiJXbTNScHo1VVh5cDN4N1NsVkdiRzFnT2FHajVWSG01WDdDVnJQbW5CUFJnPSIsImFsZyI6IlJTMjU2In0.eyJzdWIiOiJlNzYzOTZiMS03MTNjLTQ3N2YtYTExNi1lMTFmNjM5NTFhYjkiLCJldmVudF9pZCI6ImVlMDM5YTdkLTgxMjQtNDM5Ny1hODE4LTQ0MGE0MzIxZWQzYiIsInRva2VuX3VzZSI6ImFjY2VzcyIsInNjb3BlIjoiYXdzLmNvZ25pdG8uc2lnbmluLnVzZXIuYWRtaW4iLCJhdXRoX3RpbWUiOjE2MTQ5Njg2NjYsImlzcyI6Imh0dHBzOlwvXC9jb2duaXRvLWlkcC51cy13ZXN0LTIuYW1hem9uYXdzLmNvbVwvdXMtd2VzdC0yX0FkREpzdUM2ZiIsImV4cCI6MTYxNTMyNjczMSwiaWF0IjoxNjE1MzIzMTMxLCJqdGkiOiJhNzRjMTJjZS0zZTk5LTQzN2YtOGQ4NC03ODM5ZGY2YzMxMjUiLCJjbGllbnRfaWQiOiJvNHVva3NicnNmYTc4ZW82NDR0cGYyMHVtIiwidXNlcm5hbWUiOiJlNzYzOTZiMS03MTNjLTQ3N2YtYTExNi1lMTFmNjM5NTFhYjkifQ.vOLnmis04s7RZcdFx9TBQ2MbK_ktgCv4QnMJFJ68APqn2aEtTs0ggQujWPbshW4rcu5UPXqIffIuQ4MOHllythXytR48vGZRqh_LHNJoBFce2ECObC3fZ4bzhly3o1k4rDlgPRBABj2pybaMOxNPZvCw6d64tF3ngp1BF75ZiES3fBwTUS_NfLiEvECQIgM5sRgszDSX14kw5dVyFmr2Pgeks5N9207wgRlbjY_DXVa2swdjiU6Us_Lw7I5WrWSO8tpc1fc6ZcMBtW_zVmc_-NC8_FqF_c0tFVrc_h_ywq2DdYQiq0oUe-g_2k7Mh_5_mUkUthvlfTxWdCCb9AAQVg, 
            idToken=eyJraWQiOiJKMmE1WExBSFdwaVFZbEZ6cEF5TVFcL0dUTXNmdWRxM1g1Y2U0cGwxeEttST0iLCJhbGciOiJSUzI1NiJ9.eyJzdWIiOiJlNzYzOTZiMS03MTNjLTQ3N2YtYTExNi1lMTFmNjM5NTFhYjkiLCJhdWQiOiJvNHVva3NicnNmYTc4ZW82NDR0cGYyMHVtIiwiZW1haWxfdmVyaWZpZWQiOnRydWUsImV2ZW50X2lkIjoiZWUwMzlhN2QtODEyNC00Mzk3LWE4MTgtNDQwYTQzMjFlZDNiIiwidG9rZW5fdXNlIjoiaWQiLCJhdXRoX3RpbWUiOjE2MTQ5Njg2NjYsImlzcyI6Imh0dHBzOlwvXC9jb2duaXRvLWlkcC51cy13ZXN0LTIuYW1hem9uYXdzLmNvbVwvdXMtd2VzdC0yX0FkREpzdUM2ZiIsIm5hbWUiOiJUcmV2b3IiLCJjb2duaXRvOnVzZXJuYW1lIjoiZTc2Mzk2YjEtNzEzYy00NzdmLWExMTYtZTExZjYzOTUxYWI5IiwiZXhwIjoxNjE1MzI2NzMxLCJpYXQiOjE2MTUzMjMxMzEsImVtYWlsIjoidHJldm9yLmEud2lsZGVAZ21haWwuY29tIn0.fsBCd-ZAuPtIWCBljUy3zazaS76ZFHmmxy41vVUszCEg1rU8UUUKAvRLtSrDWJJ9BqCJ4_LxlP7pyjBOWgQiRT32JY6InBEUh-BhC5mSUGxHuzncH1IE8oEKoOnEL6oG0q9iA1LCwVKD1PmjkTh67Xh_zcHh0YMVEAr0AeG1_EAPhlk93loqWqyhWLLIdpKsN2dJe22h4OgKvVpPyuUVK0oCcbtswYdXx1d8Ah0_XxilCxduDeKd_T_Pcb7WJPKOuq8wTBFA9ue_39hVVtAwhXPG9AwfLsuVhusMM8VvgmYiruFVYlVp69QyUjl_MAIsmadtPDmEdtBIBSGXFyBhFg, 
            refreshToken=eyJjdHkiOiJKV1QiLCJlbmMiOiJBMjU2R0NNIiwiYWxnIjoiUlNBLU9BRVAifQ.q4qOanBm0SbUjKjUAR4AXRO5lD5rp96H4mRumRzPrA3Nk3SSt1L0Fh4fa5E31DkGpRtkkWfq7-Pgd584hLFKtlu-52ON5Ge-HIiSKDfuk6NUgDPspv3n0IiaibdH-9mp2_jIdjDw9hYeIctG_EIBhtoP6C0P-OIkAnEjLPyjXtNJHSyEz6r06UiSz8mnUzoU1i_76wg_C1XDxgfHBh1yImPmneesGa71zH5B7I_dKXl1mDuROMgWLXoA1yONM--XMN843S3Fv6qOrdyR2K7Vgsp3h0MUm7A6Wd_ViUEcZecT4HuwCs99YHzJ6zO0QxYSbIsJzpJaHzD-_VEyyJsB3g._Rig0zYY22TKHj7i.WCYSj_fNu45LNjcjwY0IEoEL8ozL-FS8gyW2BhbLQr2L6J-9mm-1OrzuuYAqdRMlWhrSKbiKw-ZMKvS1eLbzHeWFC19DrIPW95dIRyzhYpW8-ZfNQY2SbhuT81TnvEFLlUfyn2POEJs0Z7ayVtQeksSrhfUfr6bA4xTwVHy-mBJl0iakdCcQwehVeCgXm_R5y1dyx2YeXUAVMagydwXZ4ojcCeMvwQr3SWHKTFrNq0Fj-DDrSGoqq8WKUywSPdtxXTon1pNMEmkinYuEJr2TCcJS7wZGNY6mRw955jLGS3rlI-AQMIpkgqdurZ9TIMAhBgZsAgEeWjAwT2lUTEuHleSDBaSiSglPI7TRqVVVduUizdiLI8t8MMUuh6xCmT2gNjz4U8Aul4coPm9sh_DbQd7DTbyHhtj3RMNKgLrAC8b_CjTPOHwdJjAWUohE3GPTtbV2GjWccKUQgLPMickeR5BaGYVGs2EpGCRwlhIJoU-bqKgX-xpZ6zJPd1WyQfE73Yxge6qispL2hZzuN-PsHLv4olG1YBNX1EtFJRja6OyCJrhsbtAywvyOWywgojjkAr0HKXMn9iyNHKYmGfhiZRHicvTHy5vxspo3GWeLbH-zUjnHdFpTqRK7co-a5x6dsK85Uxqr_j0vpgWrr8TiHlzUhaw0tkDBmt_jgIM9X462EYoDkdLh9s0-2tsJR6znyDvMlPaEwpoRxzZileq6mEukesbEdmsaN71cdQSuVFxVEdqE4GBJeRJwOYw3qoR4vX9j9rKQP_EcunmhDp40DmDDt16GZtl3dY9n37ogogRrAxtXCz5ADUOnGyongPmWZzH4S5Hp9dD0ANRPWuMlQzgxlzMTyLX5WY1V1jmje_EdMNfQcUNBYahEx39aVdYWtlewBHl7Am9zCJ8rTlt7WjRIrkvCC1Ug09gCSym8RLGGmwevWrOdwozthJ5T-0-3ZGbJ5m1C_FAT_VG22Me3qMgQlFgKkn0sk4lKI3WQ2n4LnkQPgoyI05U2J6bVvtZ5UFaykCJ1gd-FA3ANjvoWNlXVWaZuonxo_njlPz8Tp4yPWQX3iw1s99S2S4TRuJjMC9m9Iyo6dQEC4RGlR4g6bZ3fz7nRa-euWY40VvNiX72BTYT2ZuekCyWKVESrUQgfFE_Sr8jvPGvg_Y8W0M8
